<PKCS11>
<!--Initialize-->
  <C_Initialize/>
  <C_Initialize rv="OK"/>
<!--GetInfo-->
  <C_GetInfo/>
  <C_GetInfo rv="OK">
    <Info>
      <CryptokiVersion major="2" minor="1"/>
      <ManufacturerID value="OASIS PKCS#11 TC                "/>
      <Flags value="0x0"/>
      <LibraryDescription value="                                "/>
      <LibraryVersion major="1" minor="0"/>
    </Info>
  </C_GetInfo>
<!--GetSlotList-->
  <C_GetSlotList>
    <TokenPresent value="true"/>
    <SlotList/>
  </C_GetSlotList>
  <C_GetSlotList rv="OK">
    <SlotList length="${SlotList.length}"/>
  </C_GetSlotList>
  <C_GetSlotList>
    <TokenPresent value="true"/>
    <SlotList length="${SlotList.length}"/>
  </C_GetSlotList>
  <C_GetSlotList rv="OK">
    <SlotList>
      <SlotID value="${SlotList.SlotID[0]}"/>
    </SlotList>
  </C_GetSlotList>
<!--GetSlotList-->
  <C_GetSlotInfo>
    <SlotID value="${SlotList.SlotID[0]}"/>
  </C_GetSlotInfo>
  <C_GetSlotInfo rv="OK">
    <Info>
      <SlotDescription value="OASIS PKCS#11 TC Slot Description                               "/>
      <ManufacturerID value="OASIS PKCS#11 TC                "/>
      <Flags value="TOKEN_PRESENT"/>
      <HardwareVersion major="1" minor="0"/>
      <FirmwareVersion major="1" minor="0"/>
    </Info>
  </C_GetSlotInfo>
<!--GetTokenInfo-->
  <C_GetTokenInfo>
    <SlotID value="${SlotList.SlotID[0]}"/>
  </C_GetTokenInfo>
  <C_GetTokenInfo rv="OK">
    <Info MaxSessionCount="0" SessionCount="0" MaxRwSessionCount="0" RwSessionCount="0" MaxPinLen="255" MinPinLen="4" TotalPublicMemory="0" FreePublicMemory="0" TotalPrivateMemory="0" FreePrivateMemory="0">
      <label value="token1                          "/>
      <ManufacturerID value="OASIS PKCS#11 TC                "/>
      <model value="v3.1            "/>
      <serialNumber value="0000000000000000"/>
      <Flags value="RNG|LOGIN_REQUIRED|USER_PIN_INITIALIZED|RESTORE_KEY_NOT_NEEDED|TOKEN_INITIALIZED"/>
      <HardwareVersion major="1" minor="0"/>
      <FirmwareVersion major="1" minor="0"/>
      <utcTime value="2020102811572500"/>
    </Info>
  </C_GetTokenInfo>
<!--GetMechanismList-->
  <C_GetMechanismList>
    <SlotID value="${SlotList.SlotID[0]}"/>
    <MechanismList/>
  </C_GetMechanismList>
  <C_GetMechanismList rv="OK">
    <MechanismList length="${MechanismList.length}"/>
  </C_GetMechanismList>
  <C_GetMechanismList>
    <SlotID value="${SlotList.SlotID[0]}"/>
    <MechanismList length="${MechanismList.length}"/>
  </C_GetMechanismList>
  <C_GetMechanismList rv="OK">
    <MechanismList>
      <Type value="SHA512"/>
      <Type value="RSA_PKCS_KEY_PAIR_GEN"/>
      <Type value="RSA_PKCS"/>
    </MechanismList>
  </C_GetMechanismList>
<!--GetMechanismInfo-->
  <C_GetMechanismInfo>
    <SlotID value="${SlotList.SlotID[0]}"/>
    <Type value="SHA512"/>
  </C_GetMechanismInfo>
  <C_GetMechanismInfo rv="OK">
    <Info MinKeySize="0" MaxKeySize="0">
      <Flags value="DIGEST"/>
    </Info>
  </C_GetMechanismInfo>
<!--  <C_GetMechanismInfo>
    <SlotID value="${SlotList.SlotID[0]}"/>
    <Type value="RSA_PKCS_KEY_PAIR_GEN"/>
  </C_GetMechanismInfo>
  <C_GetMechanismInfo rv="OK">
    <Info MinKeySize="512" MaxKeySize="16384">
      <Flags value="GENERATE_KEY_PAIR"/>
    </Info>
  </C_GetMechanismInfo>
  <C_GetMechanismInfo>
    <SlotID value="${SlotList.SlotID[0]}"/>
    <Type value="RSA_PKCS"/>
  </C_GetMechanismInfo>
  <C_GetMechanismInfo rv="OK">
    <Info MinKeySize="512" MaxKeySize="16384">
      <Flags value="ENCRYPT|DECRYPT|SIGN|VERIFY|WRAP|UNWRAP"/>
    </Info>
  </C_GetMechanismInfo> -->
<!--OpenSession-->
  <C_OpenSession>
    <SlotID value="${SlotList.SlotID[0]}"/>
    <Flags value="RW_SESSION|SERIAL_SESSION"/>
  </C_OpenSession>
  <C_OpenSession rv="OK">
    <Session value="${Session}"/>
  </C_OpenSession>
<!--Login-->
  <C_Login>
    <Session value="${Session}"/>
    <UserType value="USER"/>
    <Pin value="${Pin}"/>
  </C_Login>
  <C_Login rv="OK"/>
<!--Logout-->
  <C_Logout>
    <Session value="${Session}"/>
  </C_Logout>
  <C_Logout rv="OK"/>
<!--CloseSession-->
  <C_CloseSession>
    <Session value="${Session}"/>
  </C_CloseSession>
  <C_CloseSession rv="OK"/>
<!--CloseAllSessions-->
  <C_CloseAllSessions>
    <SlotID value="${SlotList.SlotID[0]}"/>
  </C_CloseAllSessions>
  <C_CloseAllSessions rv="OK"/>
<!--Finalize-->
  <C_Finalize/>
  <C_Finalize rv="OK"/>
</PKCS11>